[    0.000000] Initializing cgroup subsys cpuset
[    0.000000] Initializing cgroup subsys cpu
[    0.000000] Initializing cgroup subsys cpuacct
[    0.000000] Linux version 4.4.0-210-generic (buildd@lgw01-amd64-009) (gcc version 5.4.0 20160609 (Ubuntu 5.4.0-6ubuntu1~16.04.12) ) #242-Ubuntu SMP Fri Apr 16 09:57:56 UTC 2021 (Ubuntu 4.4.0-210.242-generic 4.4.262)
[    0.000000] Command line: BOOT_IMAGE=/boot/vmlinuz-4.4.0-210-generic root=LABEL=cloudimg-rootfs ro console=tty1 console=ttyS0
[    0.000000] KERNEL supported cpus:
[    0.000000]   Intel GenuineIntel
[    0.000000]   AMD AuthenticAMD
[    0.000000]   Centaur CentaurHauls
[    0.000000] x86/fpu: Legacy x87 FPU detected.
[    0.000000] e820: BIOS-provided physical RAM map:
[    0.000000] BIOS-e820: [mem 0x0000000000000000-0x000000000009fbff] usable
[    0.000000] BIOS-e820: [mem 0x000000000009fc00-0x000000000009ffff] reserved
[    0.000000] BIOS-e820: [mem 0x00000000000f0000-0x00000000000fffff] reserved
[    0.000000] BIOS-e820: [mem 0x0000000000100000-0x000000003ffeffff] usable
[    0.000000] BIOS-e820: [mem 0x000000003fff0000-0x000000003fffffff] ACPI data
[    0.000000] BIOS-e820: [mem 0x00000000fec00000-0x00000000fec00fff] reserved
[    0.000000] BIOS-e820: [mem 0x00000000fee00000-0x00000000fee00fff] reserved
[    0.000000] BIOS-e820: [mem 0x00000000fffc0000-0x00000000ffffffff] reserved
[    0.000000] NX (Execute Disable) protection: active
[    0.000000] SMBIOS 2.5 present.
[    0.000000] Hypervisor detected: KVM
[    0.000000] Kernel/User page tables isolation: disabled
[    0.000000] e820: last_pfn = 0x3fff0 max_arch_pfn = 0x400000000
[    0.000000] MTRR: Disabled
[    0.000000] x86/PAT: MTRRs disabled, skipping PAT initialization too.
[    0.000000] CPU MTRRs all blank - virtualized system.
[    0.000000] x86/PAT: Configuration [0-7]: WB  WT  UC- UC  WB  WT  UC- UC  
[    0.000000] found SMP MP-table at [mem 0x0009fff0-0x0009ffff] mapped at [ffff88000009fff0]
[    0.000000] Scanning 1 areas for low memory corruption
[    0.000000] RAMDISK: [mem 0x362de000-0x37166fff]
[    0.000000] ACPI: Early table checksum verification disabled
[    0.000000] ACPI: RSDP 0x00000000000E0000 000024 (v02 VBOX  )
[    0.000000] ACPI: XSDT 0x000000003FFF0030 00003C (v01 VBOX   VBOXXSDT 00000001 ASL  00000061)
[    0.000000] ACPI: FACP 0x000000003FFF00F0 0000F4 (v04 VBOX   VBOXFACP 00000001 ASL  00000061)
[    0.000000] ACPI: DSDT 0x000000003FFF0470 002325 (v02 VBOX   VBOXBIOS 00000002 INTL 20100528)
[    0.000000] ACPI: FACS 0x000000003FFF0200 000040
[    0.000000] ACPI: FACS 0x000000003FFF0200 000040
[    0.000000] ACPI: APIC 0x000000003FFF0240 00005C (v02 VBOX   VBOXAPIC 00000001 ASL  00000061)
[    0.000000] ACPI: SSDT 0x000000003FFF02A0 0001CC (v01 VBOX   VBOXCPUT 00000002 INTL 20100528)
[    0.000000] No NUMA configuration found
[    0.000000] Faking a node at [mem 0x0000000000000000-0x000000003ffeffff]
[    0.000000] NODE_DATA(0) allocated [mem 0x3ffeb000-0x3ffeffff]
[    0.000000] kvm-clock: Using msrs 4b564d01 and 4b564d00
[    0.000000] kvm-clock: cpu 0, msr 0:3ffe3001, primary cpu clock
[    0.000000] kvm-clock: using sched offset of 4389156770 cycles
[    0.000000] clocksource: kvm-clock: mask: 0xffffffffffffffff max_cycles: 0x1cd42e4dffb, max_idle_ns: 881590591483 ns
[    0.000000] Zone ranges:
[    0.000000]   DMA      [mem 0x0000000000001000-0x0000000000ffffff]
[    0.000000]   DMA32    [mem 0x0000000001000000-0x000000003ffeffff]
[    0.000000]   Normal   empty
[    0.000000]   Device   empty
[    0.000000] Movable zone start for each node
[    0.000000] Early memory node ranges
[    0.000000]   node   0: [mem 0x0000000000001000-0x000000000009efff]
[    0.000000]   node   0: [mem 0x0000000000100000-0x000000003ffeffff]
[    0.000000] Initmem setup node 0 [mem 0x0000000000001000-0x000000003ffeffff]
[    0.000000] ACPI: PM-Timer IO Port: 0x4008
[    0.000000] IOAPIC[0]: apic_id 2, version 32, address 0xfec00000, GSI 0-23
[    0.000000] ACPI: INT_SRC_OVR (bus 0 bus_irq 0 global_irq 2 dfl dfl)
[    0.000000] ACPI: INT_SRC_OVR (bus 0 bus_irq 9 global_irq 9 low level)
[    0.000000] Using ACPI (MADT) for SMP configuration information
[    0.000000] smpboot: Allowing 2 CPUs, 0 hotplug CPUs
[    0.000000] PM: Registered nosave memory: [mem 0x00000000-0x00000fff]
[    0.000000] PM: Registered nosave memory: [mem 0x0009f000-0x0009ffff]
[    0.000000] PM: Registered nosave memory: [mem 0x000a0000-0x000effff]
[    0.000000] PM: Registered nosave memory: [mem 0x000f0000-0x000fffff]
[    0.000000] e820: [mem 0x40000000-0xfebfffff] available for PCI devices
[    0.000000] Booting paravirtualized kernel on KVM
[    0.000000] clocksource: refined-jiffies: mask: 0xffffffff max_cycles: 0xffffffff, max_idle_ns: 7645519600211568 ns
[    0.000000] setup_percpu: NR_CPUS:512 nr_cpumask_bits:512 nr_cpu_ids:2 nr_node_ids:1
[    0.000000] PERCPU: Embedded 33 pages/cpu @ffff88003fc00000 s95192 r8192 d31784 u1048576
[    0.000000] Built 1 zonelists in Node order, mobility grouping on.  Total pages: 257912
[    0.000000] Policy zone: DMA32
[    0.000000] Kernel command line: BOOT_IMAGE=/boot/vmlinuz-4.4.0-210-generic root=LABEL=cloudimg-rootfs ro console=tty1 console=ttyS0
[    0.000000] PID hash table entries: 4096 (order: 3, 32768 bytes)
[    0.000000] Memory: 997796K/1048120K available (8644K kernel code, 1332K rwdata, 4044K rodata, 1492K init, 1164K bss, 50324K reserved, 0K cma-reserved)
[    0.000000] SLUB: HWalign=64, Order=0-3, MinObjects=0, CPUs=2, Nodes=1
[    0.000000] Hierarchical RCU implementation.
[    0.000000] 	Build-time adjustment of leaf fanout to 64.
[    0.000000] 	RCU restricting CPUs from NR_CPUS=512 to nr_cpu_ids=2.
[    0.000000] RCU: Adjusting geometry for rcu_fanout_leaf=64, nr_cpu_ids=2
[    0.000000] NR_IRQS:33024 nr_irqs:440 16
[    0.000000] Console: colour VGA+ 80x25
[    0.000000] console [tty1] enabled
[    0.000000] console [ttyS0] enabled
[    0.000000] tsc: Detected 1800.006 MHz processor
[    0.669926] Calibrating delay loop (skipped) preset value.. 3600.01 BogoMIPS (lpj=7200024)
[    0.680519] pid_max: default: 32768 minimum: 301
[    0.685793] ACPI: Core revision 20150930
[    0.693389] ACPI: 2 ACPI AML tables successfully acquired and loaded
[    0.700873] Security Framework initialized
[    0.705449] Yama: becoming mindful.
[    0.709428] AppArmor: AppArmor initialized
[    0.713832] Dentry cache hash table entries: 131072 (order: 8, 1048576 bytes)
[    0.730107] Inode-cache hash table entries: 65536 (order: 7, 524288 bytes)
[    0.740161] Mount-cache hash table entries: 2048 (order: 2, 16384 bytes)
[    0.747505] Mountpoint-cache hash table entries: 2048 (order: 2, 16384 bytes)
[    0.757140] Initializing cgroup subsys io
[    0.762172] Initializing cgroup subsys memory
[    0.766742] Initializing cgroup subsys devices
[    0.772727] Initializing cgroup subsys freezer
[    0.777870] Initializing cgroup subsys net_cls
[    0.784107] Initializing cgroup subsys perf_event
[    0.789710] Initializing cgroup subsys net_prio
[    0.794386] Initializing cgroup subsys hugetlb
[    0.799980] Initializing cgroup subsys pids
[    0.805499] mce: CPU supports 0 MCE banks
[    0.810362] Last level iTLB entries: 4KB 64, 2MB 8, 4MB 8
[    0.815864] Last level dTLB entries: 4KB 64, 2MB 0, 4MB 0, 1GB 4
[    0.822742] Spectre V1 : Mitigation: usercopy/swapgs barriers and __user pointer sanitization
[    0.831951] Spectre V2 : Mitigation: Enhanced IBRS
[    0.837268] Spectre V2 : Spectre v2 / SpectreRSB mitigation: Filling RSB on context switch
[    0.847453] Speculative Store Bypass: Vulnerable
[    0.891692] Freeing SMP alternatives memory: 36K
[    0.979087] ftrace: allocating 32380 entries in 127 pages
[    1.542072] smpboot: APIC(0) Converting physical 0 to logical package 0
[    1.549537] smpboot: Max logical packages: 1
[    1.569427] ..TIMER: vector=0x30 apic1=0 pin1=2 apic2=-1 pin2=-1
[    1.684785] smpboot: CPU0: Intel(R) Core(TM) i5-8265U CPU @ 1.60GHz (family: 0x6, model: 0x8e, stepping: 0xc)
[    1.698226] Performance Events: unsupported p6 CPU model 142 no PMU driver, software events only.
[    1.806972] KVM setup paravirtual spinlock
[    1.818639] x86: Booting SMP configuration:
[    1.824182] .... node  #0, CPUs:      #1
[    1.830953] kvm-clock: cpu 1, msr 0:3ffe3041, secondary cpu clock
[    1.836423] mce: CPU supports 0 MCE banks
[    1.841020] TSC synchronization [CPU#0 -> CPU#1]:
[    1.846699] Measured 51764 cycles TSC warp between CPUs, turning off TSC clock.
[    1.855026] tsc: Marking TSC unstable due to check_tsc_sync_source failed
[    0.566719] x86: Booted up 1 node, 2 CPUs
[    0.572009] smpboot: Total of 2 processors activated (7200.02 BogoMIPS)
[    0.581278] devtmpfs: initialized
[    0.590479] evm: security.selinux
[    0.592006] evm: security.SMACK64
[    0.596004] evm: security.SMACK64EXEC
[    0.600007] evm: security.SMACK64TRANSMUTE
[    0.604009] evm: security.SMACK64MMAP
[    0.608004] evm: security.ima
[    0.612005] evm: security.capability
[    0.616460] clocksource: jiffies: mask: 0xffffffff max_cycles: 0xffffffff, max_idle_ns: 7645041785100000 ns
[    0.620138] futex hash table entries: 512 (order: 3, 32768 bytes)
[    0.624494] pinctrl core: initialized pinctrl subsystem
[    0.628401] RTC time: 13:34:36, date: 07/12/21
[    0.633234] NET: Registered protocol family 16
[    0.648037] cpuidle: using governor ladder
[    0.668029] cpuidle: using governor menu
[    0.672216] PCCT header not found.
[    0.676103] ACPI: bus type PCI registered
[    0.680006] acpiphp: ACPI Hot Plug PCI Controller Driver version: 0.5
[    0.684468] PCI: Using configuration type 1 for base access
[    0.708680] ACPI: Added _OSI(Module Device)
[    0.712008] ACPI: Added _OSI(Processor Device)
[    0.716005] ACPI: Added _OSI(3.0 _SCP Extensions)
[    0.720006] ACPI: Added _OSI(Processor Aggregator Device)
[    0.725237] ACPI: Executed 1 blocks of module-level executable AML code
[    0.739061] ACPI: Interpreter enabled
[    0.740023] ACPI: (supports S0 S5)
[    0.743514] ACPI: Using IOAPIC for interrupt routing
[    0.744378] PCI: Using host bridge windows from ACPI; if necessary, use "pci=nocrs" and report a bug
[    0.756658] ACPI: PCI Root Bridge [PCI0] (domain 0000 [bus 00-ff])
[    0.760014] acpi PNP0A03:00: _OSC: OS supports [ASPM ClockPM Segments MSI]
[    0.764713] acpi PNP0A03:00: _OSC: not requesting OS control; OS requires [ExtendedConfig ASPM ClockPM MSI]
[    0.768020] acpi PNP0A03:00: fail to add MMCONFIG information, can't access extended PCI configuration space under this bridge.
[    0.772726] PCI host bridge to bus 0000:00
[    0.776010] pci_bus 0000:00: root bus resource [io  0x0000-0x0cf7 window]
[    0.780009] pci_bus 0000:00: root bus resource [io  0x0d00-0xffff window]
[    0.784010] pci_bus 0000:00: root bus resource [mem 0x000a0000-0x000bffff window]
[    0.788010] pci_bus 0000:00: root bus resource [mem 0x40000000-0xfdffffff window]
[    0.792010] pci_bus 0000:00: root bus resource [bus 00-ff]
[    0.804719] pci 0000:00:01.1: legacy IDE quirk: reg 0x10: [io  0x01f0-0x01f7]
[    0.812012] pci 0000:00:01.1: legacy IDE quirk: reg 0x14: [io  0x03f6]
[    0.816015] pci 0000:00:01.1: legacy IDE quirk: reg 0x18: [io  0x0170-0x0177]
[    0.820008] pci 0000:00:01.1: legacy IDE quirk: reg 0x1c: [io  0x0376]
[    0.884399] pci 0000:00:07.0: quirk: [io  0x4000-0x403f] claimed by PIIX4 ACPI
[    0.888057] pci 0000:00:07.0: quirk: [io  0x4100-0x410f] claimed by PIIX4 SMB
[    0.909347] ACPI: PCI Interrupt Link [LNKA] (IRQs 5 9 10 *11)
[    0.918325] ACPI: PCI Interrupt Link [LNKB] (IRQs 5 9 *10 11)
[    0.928229] ACPI: PCI Interrupt Link [LNKC] (IRQs 5 *9 10 11)
[    0.936325] ACPI: PCI Interrupt Link [LNKD] (IRQs 5 9 10 *11)
[    0.944314] ACPI: Enabled 2 GPEs in block 00 to 07
[    0.948344] vgaarb: setting as boot device: PCI:0000:00:02.0
[    0.952000] vgaarb: device added: PCI:0000:00:02.0,decodes=io+mem,owns=io+mem,locks=none
[    0.952010] vgaarb: loaded
[    0.956006] vgaarb: bridge control possible 0000:00:02.0
[    0.960455] SCSI subsystem initialized
[    0.964215] ACPI: bus type USB registered
[    0.968042] usbcore: registered new interface driver usbfs
[    0.972062] usbcore: registered new interface driver hub
[    0.976055] usbcore: registered new device driver usb
[    0.984634] PCI: Using ACPI for IRQ routing
[    0.988850] NetLabel: Initializing
[    0.992004] NetLabel:  domain hash size = 128
[    0.996004] NetLabel:  protocols = UNLABELED CIPSOv4
[    1.000030] NetLabel:  unlabeled traffic allowed by default
[    1.004186] amd_nb: Cannot enumerate AMD northbridges
[    1.008679] clocksource: Switched to clocksource kvm-clock
[    1.017967] AppArmor: AppArmor Filesystem Enabled
[    1.056835] pnp: PnP ACPI init
[    1.060679] pnp: PnP ACPI: found 3 devices
[    1.116844] clocksource: acpi_pm: mask: 0xffffff max_cycles: 0xffffff, max_idle_ns: 2085701024 ns
[    1.120786] NET: Registered protocol family 2
[    1.130276] TCP established hash table entries: 8192 (order: 4, 65536 bytes)
[    1.137395] TCP bind hash table entries: 8192 (order: 5, 131072 bytes)
[    1.141106] TCP: Hash tables configured (established 8192 bind 8192)
[    1.141106] UDP hash table entries: 512 (order: 2, 16384 bytes)
[    1.141106] UDP-Lite hash table entries: 512 (order: 2, 16384 bytes)
[    1.141106] NET: Registered protocol family 1
[    1.141106] pci 0000:00:00.0: Limiting direct PCI/PCI transfers
[    1.141106] pci 0000:00:01.0: Activating ISA DMA hang workarounds
[    1.141106] Unpacking initramfs...
[    1.141106] Freeing initrd memory: 14884K
[    1.141106] clocksource: tsc: mask: 0xffffffffffffffff max_cycles: 0x19f22f68897, max_idle_ns: 440795282550 ns
[    1.141106] platform rtc_cmos: registered platform RTC device (no PNP device found)
[    1.141106] Scanning for low memory corruption every 60 seconds
[    1.659373] audit: initializing netlink subsys (disabled)
[    1.665053] audit: type=2000 audit(1626096882.528:1): initialized
[    1.671019] Initialise system trusted keyring
[    1.677735] HugeTLB registered 2 MB page size, pre-allocated 0 pages
[    1.687583] zbud: loaded
[    1.692347] VFS: Disk quotas dquot_6.6.0
[    1.697007] VFS: Dquot-cache hash table entries: 512 (order 0, 4096 bytes)
[    1.704335] squashfs: version 4.0 (2009/01/31) Phillip Lougher
[    1.713512] fuse init (API version 7.23)
[    1.719462] Key type big_key registered
[    1.725180] Allocating IMA MOK and blacklist keyrings.
[    1.747132] Key type asymmetric registered
[    1.751362] Asymmetric key parser 'x509' registered
[    1.756415] Block layer SCSI generic (bsg) driver version 0.4 loaded (major 249)
[    1.763832] io scheduler noop registered
[    1.768105] io scheduler deadline registered (default)
[    1.775046] io scheduler cfq registered
[    1.779628] pci_hotplug: PCI Hot Plug PCI Core version: 0.5
[    1.785326] pciehp: PCI Express Hot Plug Controller Driver version: 0.4
[    1.792919] ACPI: AC Adapter [AC] (off-line)
[    1.797856] input: Power Button as /devices/LNXSYSTM:00/LNXPWRBN:00/input/input0
[    1.806686] ACPI: Power Button [PWRF]
[    1.811883] input: Sleep Button as /devices/LNXSYSTM:00/LNXSLPBN:00/input/input1
[    1.819385] ACPI: Sleep Button [SLPF]
[    1.824297] GHES: HEST is not enabled!
[    1.825938] ACPI: Battery Slot [BAT0] (battery present)
[    1.836505] Serial: 8250/16550 driver, 32 ports, IRQ sharing enabled
[    1.869678] 00:02: ttyS0 at I/O 0x3f8 (irq = 4, base_baud = 115200) is a 16550A
[    1.902472] Linux agpgart interface v0.103
[    1.930563] loop: module loaded
[    1.938428] scsi host0: ata_piix
[    1.945140] scsi host1: ata_piix
[    1.949658] ata1: PATA max UDMA/33 cmd 0x1f0 ctl 0x3f6 bmdma 0xd000 irq 14
[    1.958263] ata2: PATA max UDMA/33 cmd 0x170 ctl 0x376 bmdma 0xd008 irq 15
[    1.966417] libphy: Fixed MDIO Bus: probed
[    1.974283] tun: Universal TUN/TAP device driver, 1.6
[    1.982328] tun: (C) 1999-2004 Max Krasnyansky <maxk@qualcomm.com>
[    1.991577] PPP generic driver version 2.4.2
[    1.996886] ehci_hcd: USB 2.0 'Enhanced' Host Controller (EHCI) Driver
[    2.003784] ehci-pci: EHCI PCI platform driver
[    2.008950] ehci-platform: EHCI generic platform driver
[    2.014344] ohci_hcd: USB 1.1 'Open' Host Controller (OHCI) Driver
[    2.021034] ohci-pci: OHCI PCI platform driver
[    2.026282] ohci-platform: OHCI generic platform driver
[    2.032574] uhci_hcd: USB Universal Host Controller Interface driver
[    2.045042] i8042: PNP: PS/2 Controller [PNP0303:PS2K,PNP0f03:PS2M] at 0x60,0x64 irq 1,12
[    2.057673] serio: i8042 KBD port at 0x60,0x64 irq 1
[    2.063860] serio: i8042 AUX port at 0x60,0x64 irq 12
[    2.070443] mousedev: PS/2 mouse device common for all mice
[    2.079936] input: AT Translated Set 2 keyboard as /devices/platform/i8042/serio0/input/input2
[    2.091748] rtc_cmos rtc_cmos: rtc core: registered rtc_cmos as rtc0
[    2.100740] rtc_cmos rtc_cmos: alarms up to one day, 114 bytes nvram
[    2.108808] i2c /dev entries driver
[    2.113413] device-mapper: uevent: version 1.0.3
[    2.118613] device-mapper: ioctl: 4.34.0-ioctl (2015-10-28) initialised: dm-devel@redhat.com
[    2.159287] ledtrig-cpu: registered to indicate activity on CPUs
[    2.195711] NET: Registered protocol family 10
[    2.201692] NET: Registered protocol family 17
[    2.207736] Key type dns_resolver registered
[    2.215525] registered taskstats version 1
[    2.220290] Loading compiled-in X.509 certificates
[    2.224203] Loaded X.509 cert 'Build time autogenerated kernel key: cf00e047681d67edb2720680708b7d9498083038'
[    2.224203] zswap: loaded using pool lzo/zbud
[    2.247488] Key type trusted registered
[    2.260280] Key type encrypted registered
[    2.265283] AppArmor: AppArmor sha1 policy hashing enabled
[    2.270806] ima: No TPM chip found, activating TPM-bypass!
[    2.277728] ima: Allocated hash algorithm: sha1
[    2.282038] evm: HMAC attrs: 0x1
[    2.287416]   Magic number: 13:315:584
[    2.293321] rtc_cmos rtc_cmos: setting system clock to 2021-07-12 13:34:38 UTC (1626096878)
[    2.302026] BIOS EDD facility v0.16 2004-Jun-25, 0 devices found
[    2.309484] EDD information not available.
[    2.317116] Freeing unused kernel memory: 1492K
[    2.322685] Write protecting the kernel read-only data: 14336k
[    2.329727] Freeing unused kernel memory: 1584K
[    2.335481] Freeing unused kernel memory: 52K
Loading, please wait...
starting version 229
[    2.373709] random: systemd-udevd: uninitialized urandom read (16 bytes read, 5 bits of entropy available)
[    2.374719] random: udevadm: uninitialized urandom read (16 bytes read, 5 bits of entropy available)
[    2.374734] random: udevadm: uninitialized urandom read (16 bytes read, 5 bits of entropy available)
[    2.385454] random: udevadm: uninitialized urandom read (16 bytes read, 5 bits of entropy available)
[    2.385486] random: udevadm: uninitialized urandom read (16 bytes read, 5 bits of entropy available)
[    2.385639] random: udevadm: uninitialized urandom read (16 bytes read, 5 bits of entropy available)
[    2.385746] random: udevadm: uninitialized urandom read (16 bytes read, 5 bits of entropy available)
[    2.385788] random: udevadm: uninitialized urandom read (16 bytes read, 5 bits of entropy available)
[    2.385824] random: udevadm: uninitialized urandom read (16 bytes read, 5 bits of entropy available)
[    2.385857] random: udevadm: uninitialized urandom read (16 bytes read, 5 bits of entropy available)
[    2.525101] e1000: Intel(R) PRO/1000 Network Driver - version 7.3.21-k8-NAPI
[    2.528079] e1000: Copyright (c) 1999-2006 Intel Corporation.
[    2.554031] Fusion MPT base driver 3.04.20
[    2.559380] Copyright (c) 1999-2008 LSI Corporation
[    2.604905] Fusion MPT SPI Host driver 3.04.20
[    2.841631] input: ImExPS/2 Generic Explorer Mouse as /devices/platform/i8042/serio1/input/input4
[    3.232466] e1000 0000:00:03.0 eth0: (PCI:33MHz:32-bit) 02:0f:93:65:62:e0
[    3.239681] e1000 0000:00:03.0 eth0: Intel(R) PRO/1000 Network Connection
[    3.839202] e1000 0000:00:08.0 eth1: (PCI:33MHz:32-bit) 08:00:27:ca:c4:ef
[    3.845427] e1000 0000:00:08.0 eth1: Intel(R) PRO/1000 Network Connection
[    3.853920] e1000 0000:00:08.0 enp0s8: renamed from eth1
[    3.860169] mptbase: ioc0: Initiating bringup
[    3.872948] e1000 0000:00:03.0 enp0s3: renamed from eth0
[    3.939139] ioc0: LSI53C1030 A0: Capabilities={Initiator}
[    4.124655] scsi host2: ioc0: LSI53C1030 A0, FwRev=00000000h, Ports=1, MaxQ=256, IRQ=20
[    4.245904] scsi 2:0:0:0: Direct-Access     VBOX     HARDDISK         1.0  PQ: 0 ANSI: 5
[    4.254954] scsi target2:0:0: Beginning Domain Validation
[    4.265399] scsi target2:0:0: Domain Validation skipping write tests
[    4.271919] scsi target2:0:0: Ending Domain Validation
[    4.278144] scsi target2:0:0: asynchronous
[    4.285117] scsi 2:0:1:0: Direct-Access     VBOX     HARDDISK         1.0  PQ: 0 ANSI: 5
[    4.295133] scsi target2:0:1: Beginning Domain Validation
[    4.310305] scsi target2:0:1: Domain Validation skipping write tests
[    4.316924] scsi target2:0:1: Ending Domain Validation
[    4.322874] scsi target2:0:1: asynchronous
[    4.363884] sd 2:0:0:0: [sda] 83886080 512-byte logical blocks: (42.9 GB/40.0 GiB)
[    4.373189] sd 2:0:0:0: Attached scsi generic sg0 type 0
[    4.380544] sd 2:0:0:0: [sda] Write Protect is off
[    4.407384] sd 2:0:1:0: Attached scsi generic sg1 type 0
[    4.413664] sd 2:0:1:0: [sdb] 20480 512-byte logical blocks: (10.5 MB/10.0 MiB)
[    4.413743] sd 2:0:0:0: [sda] Incomplete mode parameter data
[    4.413744] sd 2:0:0:0: [sda] Assuming drive cache: write through
[    4.437028] sd 2:0:1:0: [sdb] Write Protect is off
[    4.443402] sd 2:0:1:0: [sdb] Incomplete mode parameter data
[    4.449082] sd 2:0:1:0: [sdb] Assuming drive cache: write through
[    4.459715]  sda: sda1
[    4.468337] sd 2:0:0:0: [sda] Attached SCSI disk
[    4.485046] sd 2:0:1:0: [sdb] Attached SCSI disk
Begin: Loading essential drivers ... [    6.241160] md: linear personality registered for level -1
[    6.251811] md: multipath personality registered for level -4
[    6.262484] md: raid0 personality registered for level 0
[    6.283392] md: raid1 personality registered for level 1
[    6.368938] raid6: sse2x1   gen()  7026 MB/s
[    6.440887] raid6: sse2x1   xor()  5549 MB/s
[    6.512160] raid6: sse2x2   gen() 11249 MB/s
[    6.584467] raid6: sse2x2   xor()  7965 MB/s
[    6.656099] raid6: sse2x4   gen() 12682 MB/s
[    6.728120] raid6: sse2x4   xor()  7899 MB/s
[    6.732711] raid6: using algorithm sse2x4 gen() 12682 MB/s
[    6.739370] raid6: .... xor() 7899 MB/s, rmw enabled
[    6.744889] raid6: using ssse3x2 recovery algorithm
[    6.753433] xor: measuring software checksum speed
[    6.797289]    prefetch64-sse: 19751.000 MB/sec
[    6.840417]    generic_sse: 17135.000 MB/sec
[    6.845164] xor: using function: prefetch64-sse (19751.000 MB/sec)
[    6.854440] async_tx: api initialized (async)
[    6.901527] md: raid6 personality registered for level 6
[    6.907172] md: raid5 personality registered for level 5
[    6.912274] md: raid4 personality registered for level 4
[    6.939928] md: raid10 personality registered for level 10
done.
Begin: Running /scripts/init-premount ... done.
Begin: Mounting root file system ... Begin: Running /scripts/local-top ... done.
Begin: Running /scripts/local-premount ... [    7.040478] Btrfs loaded
Scanning for Btrfs filesystems
done.
Warning: fsck not present, so skipping root file system
[    7.167792] EXT4-fs (sda1): mounted filesystem with ordered data mode. Opts: (null)
done.
Begin: Running /scripts/local-bottom ... done.
Begin: Running /scripts/init-bottom ... done.
[    7.485024] systemd[1]: systemd 229 running in system mode. (+PAM +AUDIT +SELINUX +IMA +APPARMOR +SMACK +SYSVINIT +UTMP +LIBCRYPTSETUP +GCRYPT +GNUTLS +ACL +XZ -LZ4 +SECCOMP +BLKID +ELFUTILS +KMOD -IDN)
[    7.503929] systemd[1]: Detected virtualization oracle.
[    7.510410] systemd[1]: Detected architecture x86-64.

Welcome to [1mUbuntu 16.04.7 LTS[0m!

[    7.531034] systemd[1]: Set hostname to <ubuntu>.
[    7.545769] systemd[1]: Initializing machine ID from random generator.
[    7.553595] systemd[1]: Installed transient /etc/machine-id file.
[    7.886953] systemd[1]: Reached target Swap.
[[0;32m  OK  [0m] Reached target Swap.
[    7.894862] systemd[1]: Listening on fsck to fsckd communication Socket.
[[0;32m  OK  [0m] Listening on fsck to fsckd communication Socket.
[    7.904631] systemd[1]: Reached target Encrypted Volumes.
[[0;32m  OK  [0m] Reached target Encrypted Volumes.
[    7.923973] systemd[1]: Listening on Journal Socket.
[[0;32m  OK  [0m] Listening on Journal Socket.
[    7.932642] systemd[1]: Reached target System Time Synchronized.
[[0;32m  OK  [0m] Reached target System Time Synchronized.
[    7.942806] systemd[1]: Listening on Device-mapper event daemon FIFOs.
[[0;32m  OK  [0m] Listening on Device-mapper event daemon FIFOs.
[    7.953370] systemd[1]: Listening on Journal Socket (/dev/log).
[[0;32m  OK  [0m] Listening on Journal Socket (/dev/log).
[    7.962746] systemd[1]: Listening on /dev/initctl Compatibility Named Pipe.
[[0;32m  OK  [0m] Listening on /dev/initctl Compatibility Named Pipe.
[    7.973878] systemd[1]: Listening on Journal Audit Socket.
[[0;32m  OK  [0m] Listening on Journal Audit Socket.
[    7.998022] systemd[1]: Listening on Syslog Socket.
[[0;32m  OK  [0m] Listening on Syslog Socket.
[    8.050177] systemd[1]: Set up automount Arbitrary Executable File Formats File System Automount Point.
[[0;32m  OK  [0m] Set up automount Arbitrary Executab...ats File System Automount Point.
[    8.065071] systemd[1]: Created slice System Slice.
[[0;32m  OK  [0m] Created slice System Slice.
[    8.089160] systemd[1]: Starting Create list of required static device nodes for the current kernel...
         Starting Create list of required st... nodes for the current kernel...
[    8.104169] systemd[1]: Mounting POSIX Message Queue File System...
         Mounting POSIX Message Queue File System...
[    8.119533] systemd[1]: Starting Load Kernel Modules...
         Starting Load Kernel Modules...
[    8.130913] systemd[1]: Starting Nameserver information manager...
         Starting Nameserver information manager...
[    8.142463] systemd[1]: Starting Uncomplicated firewall...
[    8.149055] Loading iSCSI transport class v2.0-870.
         Starting Uncomplicated firewall...
[    8.158771] systemd[1]: Starting Set console keymap...
         Starting Set console keymap...
[    8.170215] systemd[1]: Mounting Huge Pages File System...
         Mounting Huge Pages File System...
[    8.181528] systemd[1]: Starting Journal Service...
         Starting Journal Service...
[    8.193657] systemd[1]: Mounting Debug File System...
         Mounting Debug File System...
[    8.203510] systemd[1]: Listening on udev Kernel Socket.
[[0;32m  OK  [0m] Listening on udev Kernel Socket.
[    8.214486] systemd[1]: Created slice User and Session Slice.
[[0;32m  OK  [0m] Created slice User and Session Slice.
[    8.225327] systemd[1]: Reached target Slices.
[    8.233615] iscsi: registered transport (tcp)
[[0;32m  OK  [0m] Reached target Slices.
[    8.243201] systemd[1]: Starting File System Check on Root Device...
         Starting File System Check on Root Device...
[    8.260779] systemd[1]: Listening on LVM2 metadata daemon socket.
[[0;32m  OK  [0m] Listening on LVM2 metadata daemon socket.
[    8.285148] systemd[1]: Starting Monitoring of LVM2 mirrors, snapshots etc. using dmeventd or progress polling...
         Starting Monitoring of LVM2 mirrors... dmeventd or progress polling...
[    8.310644] systemd[1]: Reached target User and Group Name Lookups.
[[0;32m  OK  [0m] Reached target User and Group Name Lookups.
[    8.322247] systemd[1]: Started Trigger resolvconf update for networkd DNS.
[[0;32m  OK  [0m] Started Trigger resolvconf update for networkd DNS.
[    8.344641] systemd[1]: Listening on LVM2 poll daemon socket.
[[0;32m  OK  [0m] Listening on LVM2 poll daemon socket.
[    8.365620] systemd[1]: Listening on udev Control Socket.
[[0;32m  OK  [0m] Listening on udev Control Socket.
[    8.379274] systemd[1]: Created slice system-serial\x2dgetty.slice.
[[0;32m  OK  [0m] Created slice system-serial\x2dgetty.slice.
[    8.398864] systemd[1]: Started Forward Password Requests to Wall Directory Watch.
[[0;32m  OK  [0m] Started Forward Password Requests to Wall Directory Watch.
[    8.437282] systemd[1]: Mounted Huge Pages File System.
[[    8.456507] iscsi: registered transport (iser)
[0;32m  OK  [0m] Mounted Huge Pages File System.
[    8.468611] systemd[1]: Mounted Debug File System.
[[0;32m  OK  [0m] Mounted Debug File System.
[    8.480477] systemd[1]: Mounted POSIX Message Queue File System.
[[0;32m  OK  [0m] Mounted POSIX Message Queue File System.
[    8.493762] systemd[1]: Started Journal Service.
[[0;32m  OK  [0m] Started Journal Service.
[[0;32m  OK  [0m] Started Create list of required sta...ce nodes for the current kernel.
[[0;32m  OK  [0m] Started Load Kernel Modules.
[[0;32m  OK  [0m] Started Uncomplicated firewall.
[[0;32m  OK  [0m] Started Set console keymap.
[[    8.553541] random: nonblocking pool is initialized
[0;32m  OK  [0m] Started File System Check on Root Device.
[[0;32m  OK  [0m] Started Nameserver information manager.
[[0;32m  OK  [0m] Started LVM2 metadata daemon.
[[0;32m  OK  [0m] Started File System Check Daemon to report status.
         Starting Remount Root and Kernel File Systems...
         Starting Apply Kernel Variables...
[   8.656051] EXT4-fs (sda1): re-mounted. Opts: (null)
         Mounting FUSE Control File System...
         Starting Create Static Device Nodes in /dev...
[[0;32m  OK  [0m] Mounted FUSE Control File System.
[[0;32m  OK  [0m] Started Remount Root and Kernel File Systems.
         Starting Load/Save Random Seed...
         Starting Flush Journal to Persistent Storage...
         Starting udev Coldplug all Devices...
[[0;32m  OK  [0m] Started Apply Kernel Variables.
[[0;32m  OK  [0m] Started Create Static Device Nodes in /dev.
[[0;32m  OK  [0m] Started Load/Save Random Seed.
         Starting udev Kernel Device Manager...
[[0;32m  OK  [0m] Started Flush Journal to Persistent Storage.
[[0;32m  OK  [0m] Started udev Coldplug all Devices.
[[0;32m  OK  [0m] Started udev Kernel Device Manager.
[[0;32m  OK  [0m] Started Dispatch Password Requests to Console Directory Watch.
[[0;32m  OK  [0m] Found device /dev/ttyS0.
[[0;32m  OK  [0m] Listening on Load/Save RF Kill Switch Status /dev/rfkill Watch.
[[0;32m  OK  [0m] Started Monitoring of LVM2 mirrors,...ng dmeventd or progress polling.
[[0;32m  OK  [0m] Reached target Local File Systems (Pre).
[[0;32m  OK  [0m] Reached target Local File Systems.
         Starting Initial cloud-init job (pre-networking)...
         Starting Create Volatile Files and Directories...
         Starting Set console font and keymap...
         Starting Tell Plymouth To Write Out Runtime Data...
         Starting LSB: AppArmor initialization...
         Starting Commit a transient machine-id on disk...
[[0;32m  OK  [0m] Started Create Volatile Files and Directories.
[[0;32m  OK  [0m] Started Tell Plymouth To Write Out Runtime Data.
         Starting Update UTMP about System Boot/Shutdown...
[[0;32m  OK  [0m] Started Commit a transient machine-id on disk.
[[0;32m  OK  [0m] Started Update UTMP about System Boot/Shutdown.
[[0;32m  OK  [0m] Started Set console font and keymap.
[[0;32m  OK  [0m] Created slice system-getty.slice.
[   13.027029] cloud-init[589]: Cloud-init v. 21.1-19-gbad84ad4-0ubuntu1~16.04.2 running 'init-local' at Mon, 12 Jul 2021 13:34:48 +0000. Up 12.18 seconds.
[[0;32m  OK  [0m] Started Initial cloud-init job (pre-networking).
[[0;32m  OK  [0m] Reached target Network (Pre).
[[0;32m  OK  [0m] Started LSB: AppArmor initialization.
         Starting Load AppArmor profiles managed internally by snapd...
         Starting Raise network interfaces...
[[0;32m  OK  [0m] Started Load AppArmor profiles managed internally by snapd.
[[0;32m  OK  [0m] Started Raise network interfaces.
[[0;32m  OK  [0m] Reached target Network.
         Starting Initial cloud-init job (metadata service crawler)...
[   14.969165] cloud-init[937]: Cloud-init v. 21.1-19-gbad84ad4-0ubuntu1~16.04.2 running 'init' at Mon, 12 Jul 2021 13:34:50 +0000. Up 14.14 seconds.
[   14.985274] cloud-init[937]: ci-info: ++++++++++++++++++++++++++++++++++++++Net device info++++++++++++++++++++++++++++++++++++++
[   14.998749] cloud-init[937]: ci-info: +--------+-------+---------------------------+---------------+--------+-------------------+
[   15.009619] cloud-init[937]: ci-info: | Device |   Up  |          Address          |      Mask     | Scope  |     Hw-Address    |
[   15.021158] cloud-init[937]: ci-info: +--------+-------+---------------------------+---------------+--------+-------------------+
[   15.033878] cloud-init[937]: ci-info: | enp0s3 |  True |         10.0.2.15         | 255.255.255.0 | global | 02:0f:93:65:62:e0 |[[0;32m  OK  [0m] Started Initial cloud-init job (metadata service crawler).
[   15.050229] cloud-init[937]: ci-info: | enp0s3 |  True | fe80::f:93ff:fe65:62e0/64 |       .       |  link  | 02:0f:93:65:62:e0 |
[   15.050505] cloud-init[937]: ci-info: | enp0s8 | False |             .             |       .       |   .    | 08:00:27:ca:c4:ef |
[   15.050586] cloud-init[937]: ci-info: |   lo   |  True |         127.0.0.1         |   255.0.0.0   |  host  |         .         |
[   15.051145] cloud-init[937]: ci-info: |   lo   |  True |          ::1/128          |       .       |  host  |         .         |
[   15.051497] cloud-init[937]: ci-info: +--------+-------+---------------------------+---------------+--------+-------------------+
[   15.051965] cloud-init[937]: ci-info: +++++++++++++++++++++++++++Route IPv4 info++++++++++++++++++++++++++++
[   15.053030] cloud-init[937]: ci-info: +-------+-------------+----------+---------------+-----------+-------+
[   15.053545] cloud-init[937]: ci-info: | Route | Destination | Gateway  |    Genmask    | Interface | Flags |
[   15.053908] cloud-init[937]: ci-info: +-------+-------------+----------+---------------+-----------+-------+
[   15.053986] cloud-init[937]: ci-info: |   0   |   0.0.0.0   | 10.0.2.2 |    0.0.0.0    |   enp0s3  |   UG  |
[   15.054057] cloud-init[937]: ci-info: |   1   |   10.0.2.0  | 0.0.0.0  | 255.255.255.0 |   enp0s3  |   U   |
[   15.054146] cloud-init[937]: ci-info: +-------+-------------+----------+---------------+-----------+-------+
[   15.054236] cloud-init[937]: ci-info: +++++++++++++++++++Route IPv6 info+++++++++++++++++++
[   15.054810] cloud-init[937]: ci-info: +-------+-------------+---------+-----------+-------+
[   15.055108] cloud-init[937]: ci-info: | Route | Destination | Gateway | Interface | Flags |
[   15.055529] cloud-init[937]: ci-info: +-------+-------------+---------+-----------+-------+
[   15.055915] cloud-init[937]: ci-info: |   0   |  fe80::/64  |    ::   |   enp0s3  |   U   |
[   15.056024] cloud-init[937]: ci-info: |   3   |   ff00::/8  |    ::   |   enp0s3  |   U   |
[   15.056998] cloud-init[937]: ci-info: +-------+-------------+---------+-----------+-------+
[   15.057328] cloud-init[937]: Generating public/private rsa key pair.
[   15.057752] cloud-init[937]: Your identification has been saved in /etc/ssh/ssh_host_rsa_key.
[   15.058286] cloud-init[937]: Your public key has been saved in /etc/ssh/ssh_host_rsa_key.pub.
[   15.059637] cloud-init[937]: The key fingerprint is:
[   15.060908] cloud-init[937]: SHA256:nNBgr6qPMyL93vyzcmyo27RuuTU7bs8/Lm/aS7UbiJ4 root@ubuntu-xenial
[   15.061170] cloud-init[937]: The key's randomart image is:
[   15.061731] cloud-init[937]: +---[RSA 2048]----+
[   15.062408] cloud-init[937]: |      o          |
[   15.062843] cloud-init[937]: |     . +         |
[   15.062970] cloud-init[937]: |      . o        |
[   15.063076] cloud-init[937]: |       + .       |
[   15.063639] cloud-init[937]: |      . S     .  |
[   15.064245] cloud-init[937]: |     .     . o . |
[   15.064532] cloud-init[937]: | .  . .+o . o o  |
[   15.064905] cloud-init[937]: |o +o ==oB=.+o  o |
[   15.065323] cloud-init[937]: |..o**=BO==EB*o.  |
[   15.065696] cloud-init[937]: +----[SHA256]-----+
[   15.066071] cloud-init[937]: Generating public/private dsa key pair.
[   15.066482] cloud-init[937]: Your identification has been saved in /etc/ssh/ssh_host_dsa_key.
[   15.066891] cloud-init[937]: Your public key has been saved in /etc/ssh/ssh_host_dsa_key.pub.
[   15.067281] cloud-init[937]: The key fingerprint is:
[   15.067649] cloud-init[937]: SHA256:IK7Po0hK/ECrMslGOZvCrBQM8yx4iR0O+CLkZjopawM root@ubuntu-xenial
[   15.068024] cloud-init[937]: The key's randomart image is:
[   15.068894] cloud-init[937]: +---[DSA 1024]----+
[   15.069263] cloud-init[937]: |                 |
[   15.069645] cloud-init[937]: |.                |
[   15.070020] cloud-init[937]: |=.. . .          |
[   15.070491] cloud-init[937]: |*X + . .         |
[   15.070854] cloud-init[937]: |*BX .   S        |
[   15.071228] cloud-init[937]: |EOo.             |
[   15.071603] cloud-init[937]: |@O=              |
[   15.071965] cloud-init[937]: |%&oo.            |
[   15.072036] cloud-init[937]: |%.ooo.           |
[   15.072314] cloud-init[937]: +----[SHA256]-----+
[   15.072715] cloud-init[937]: Generating public/private ecdsa key pair.
[   15.072787] cloud-init[937]: Your identification has been saved in /etc/ssh/ssh_host_ecdsa_key.
[   15.073375] cloud-init[937]: Your public key has been saved in /etc/ssh/ssh_host_ecdsa_key.pub.
[   15.073845] cloud-init[937]: The key fingerprint is:
[   15.074375] cloud-init[937]: SHA256:bd1GWzRJqj482NVR3km/Tvy+mr5gL3rLnQDPspbsfwA root@ubuntu-xenial
[   15.074859] cloud-init[937]: The key's randomart image is:
[   15.075349] cloud-init[937]: +---[ECDSA 256]---+
[   15.075945] cloud-init[937]: |              .++|
[   15.077464] cloud-init[937]: |              o+*|
[   15.077908] cloud-init[937]: |             ..o=|
[   15.195794] cloud-init[937]: |         E ..oooo|
[   15.196501] cloud-init[937]: |        S.+...+= |
[   15.196730] cloud-init[937]: |         .O...o .|
[   15.197203] cloud-init[937]: |        .o.%.  ..|
[   15.197642] cloud-init[937]: |         +=oB.o. |
[   15.198123] cloud-init[937]: |        o+++=Oo.o|
[   15.198587] cloud-init[937]: +----[SHA256]-----+
[   15.199030] cloud-init[937]: Generating public/private ed25519 key pair.
[   15.199473] cloud-init[937]: Your identification has been saved in /etc/ssh/ssh_host_ed25519_key.
[   15.199919] cloud-init[937]: Your public key has been saved in /etc/ssh/ssh_host_ed25519_key.pub.
[   15.201029] cloud-init[937]: The key fingerprint is:
[   15.201552] cloud-init[937]: SHA256:hXvBtiwHE4i/c0A26k1H2ViuW0FqJEjORhIotdqxX9E root@ubuntu-xenial
[   15.202000] cloud-init[937]: The key's randomart image is:
[   15.202678] cloud-init[937]: +--[ED25519 256]--+
[   15.203324] cloud-init[937]: | o+ooo..o=o      |
[   15.204450] cloud-init[937]: |o  *o =++B.      |
[   15.205240] cloud-init[937]: |. o +=.oE B      |
[   15.205830] cloud-init[937]: | o +. +o.O +     |
[   15.206268] cloud-init[937]: |. o. o.+S *      |
[   15.206647] cloud-init[937]: |   ...+ .*       |
[   15.207065] cloud-init[937]: |    .  o.        |
[   15.207464] cloud-init[937]: |                 |
[   15.207898] cloud-init[937]: |                 |
[   15.209069] cloud-init[937]: +----[SHA256]-----+

[[0;32m  OK  [0m] Reached target Cloud-config availability.
[[0;32m  OK  [0m] Reached target System Initialization.
         Starting LXD - unix socket.
[[0;32m  OK  [0m] Started Message of the Day.
         Starting Socket activation for snappy daemon.
[[0;32m  OK  [0m] Started Ubuntu Advantage update messaging.
[[0;32m  OK  [0m] Started Daily apt download activities.
[[0;32m  OK  [0m] Started Daily apt upgrade and clean activities.
[[0;32m  OK  [0m] Listening on ACPID Listen Socket.
[[0;32m  OK  [0m] Listening on D-Bus System Message Bus Socket.
[[0;32m  OK  [0m] Started Daily Cleanup of Temporary Directories.
[[0;32m  OK  [0m] Reached target Timers.
[[0;32m  OK  [0m] Started ACPI Events Check.
[[0;32m  OK  [0m] Reached target Paths.
[[0;32m  OK  [0m] Listening on UUID daemon activation socket.
[[0;32m  OK  [0m] Reached target Network is Online.
         Starting iSCSI initiator daemon (iscsid)...
[[0;32m  OK  [0m] Listening on LXD - unix socket.
[[0;32m  OK  [0m] Listening on Socket activation for snappy daemon.
[[0;32m  OK  [0m] Reached target Sockets.
[[0;32m  OK  [0m] Reached target Basic System.
         Starting LXD - container startup/shutdown...
[[0;32m  OK  [0m] Started ACPI event daemon.
         Starting LSB: MD monitoring daemon...
         Starting Pollinate to seed the pseudo random number generator...
         Starting System Logging Service...
         Starting Snap Daemon...
[[0;32m  OK  [0m] Started FUSE filesystem for LXC.
         Starting Accounts Service...
         Starting Virtualbox guest utils...
         Starting LSB: Record successful boot for GRUB...
[[0;32m  OK  [0m] Started Regular background program processing daemon.
[[0;32m  OK  [0m] Started Deferred execution scheduler.
[[0;32m  OK  [0m] Started D-Bus System Message Bus.
         Starting Login Service...
         Starting /etc/rc.local Compatibility...
[[0;32m  OK  [0m] Started System Logging Service.
[[0;32m  OK  [0m] Started iSCSI initiator daemon (iscsid).
[[0;32m  OK  [0m] Started /etc/rc.local Compatibility.
[[0;32m  OK  [0m] Started Login Service.
[[0;32m  OK  [0m] Started Unattended Upgrades Shutdown.
         Starting Authenticate and Authorize Users to Run Privileged Tasks...
         Starting Login to default iSCSI targets...
[[0;32m  OK  [0m] Started LSB: Record successful boot for GRUB.
[[0;32m  OK  [0m] Started LXD - container startup/shutdown.
[[0;32m  OK  [0m] Started LSB: MD monitoring daemon.
[[0;32m  OK  [0m] Started Authenticate and Authorize Users to Run Privileged Tasks.
[[0;32m  OK  [0m] Started Login to default iSCSI targets.
[[0;32m  OK  [0m] Started Accounts Service.
[[0;32m  OK  [0m] Reached target Remote File Systems (Pre).
[[0;32m  OK  [0m] Reached target Remote File Systems.
         Starting Permit User Sessions...
         Starting LSB: Set the CPU Frequency Scaling governor to "ondemand"...
         Starting LSB: automatic crash report generation...
         Starting LSB: daemon to balance interrupts for SMP systems...
[[0;32m  OK  [0m] Started Virtualbox guest utils.
[[0;32m  OK  [0m] Started Permit User Sessions.
         Starting Hold until boot process finishes up...
         Starting Terminate Plymouth Boot Screen...
[[0;32m  OK  [0m] Started Hold until boot process finishes up.
[[0;32m  OK  [0m] Started Terminate Plymouth Boot Screen.
[[0;32m  OK  [0m] Started Serial Getty on ttyS0.
[[0;32m  OK  [0m] Started Getty on tty1.
[[0;32m  OK  [0m] Reached target Login Prompts.
         Starting Set console scheme...
[[0;32m  OK  [0m] Started LSB: Set the CPU Frequency Scaling governor to "ondemand".
[[0;32m  OK  [0m] Started Set console scheme.
[[0;32m  OK  [0m] Started LSB: automatic crash report generation.
[[0;32m  OK  [0m] Started LSB: daemon to balance interrupts for SMP systems.
[[0;32m  OK  [0m] Started Pollinate to seed the pseudo random number generator.
         Starting OpenBSD Secure Shell server...
[[0;32m  OK  [0m] Started Snap Daemon.
[[0;32m  OK  [0m] Started OpenBSD Secure Shell server.
         Starting Wait until snapd is fully seeded...
[[0;32m  OK  [0m] Created slice User Slice of vagrant.
         Starting User Manager for UID 1000...
[[0;32m  OK  [0m] Started Session 1 of user vagrant.
[[0;32m  OK  [0m] Started User Manager for UID 1000.
[[0;32m  OK  [0m] Started Wait until snapd is fully seeded.
         Starting Apply the settings specified in cloud-config...
[[0;32m  OK  [0m] Reached target Multi-User System.
[[0;32m  OK  [0m] Reached target Graphical Interface.
         Starting Update UTMP about System Runlevel Changes...
[[0;32m  OK  [0m] Started Update UTMP about System Runlevel Changes.
[   20.208270] cloud-init[1382]: Generating locales (this might take a while)...
[   22.045173] cloud-init[1382]:   en_US.UTF-8... done
[   22.048986] cloud-init[1382]: Generation complete.
[   22.749991] cloud-init[1382]: Cloud-init v. 21.1-19-gbad84ad4-0ubuntu1~16.04.2 running 'modules:config' at Mon, 12 Jul 2021 13:34:56 +0000. Up 20.00 seconds.

Ubuntu 16.04.7 LTS ubuntu-xenial ttyS0

ubuntu-xenial login: ci-info: no authorized SSH keys fingerprints found for user ubuntu.
<14>Jul 12 13:34:59 ec2: 
<14>Jul 12 13:34:59 ec2: #############################################################
<14>Jul 12 13:34:59 ec2: -----BEGIN SSH HOST KEY FINGERPRINTS-----
<14>Jul 12 13:34:59 ec2: 1024 SHA256:IK7Po0hK/ECrMslGOZvCrBQM8yx4iR0O+CLkZjopawM root@ubuntu-xenial (DSA)
<14>Jul 12 13:34:59 ec2: 256 SHA256:bd1GWzRJqj482NVR3km/Tvy+mr5gL3rLnQDPspbsfwA root@ubuntu-xenial (ECDSA)
<14>Jul 12 13:34:59 ec2: 256 SHA256:hXvBtiwHE4i/c0A26k1H2ViuW0FqJEjORhIotdqxX9E root@ubuntu-xenial (ED25519)
<14>Jul 12 13:34:59 ec2: 2048 SHA256:nNBgr6qPMyL93vyzcmyo27RuuTU7bs8/Lm/aS7UbiJ4 root@ubuntu-xenial (RSA)
<14>Jul 12 13:34:59 ec2: -----END SSH HOST KEY FINGERPRINTS-----
<14>Jul 12 13:34:59 ec2: #############################################################
-----BEGIN SSH HOST KEY KEYS-----
ecdsa-sha2-nistp256 AAAAE2VjZHNhLXNoYTItbmlzdHAyNTYAAAAIbmlzdHAyNTYAAABBBA9wffX/0gjqSnX07jWKFm+wEy1jHEFP1y+DL5b8X6mcZk1Lz99wy2gdug3ICS7Y3wWzrekvzk89N5oQYYtByTc= root@ubuntu-xenial
ssh-ed25519 AAAAC3NzaC1lZDI1NTE5AAAAIA6IEAABYNUgOIgSkjQC9ijPIQIGUtqSmyYrdETvvb/5 root@ubuntu-xenial
ssh-rsa AAAAB3NzaC1yc2EAAAADAQABAAABAQDHxaYUg5mdHNsVkDCe5kFw7sDd59ijtulwT0wGZtGFRZFSaYAW9GmlXhWeLJo1K0n1JastI/v5M1BrAMoDEmcVpRD7PDU0Ib3ohDRZ6JvzxbDnfwKQMSnqPuPKNcZo/3SHstH+m01X2nl7C/of5W2PQ0UdHmrdm7ONbi/v6Ukl9RgqZWeypqaO5/ScX24zp7ePOzQr7+8rxROg9hE9Ot8DJhQs3+vhb6XikN0VwdehuZ2fMLY2UnKn2ZwOgL9d6shuL8lJ1ppqXQllDqIQcgkYqS2HR1g4ByszHcAlvjCh366O/UEG4iv48iqPeWfTk2pH3W/fhbPvQ+ICOgWdadcZ root@ubuntu-xenial
-----END SSH HOST KEY KEYS-----
[   23.734621] cloud-init[1535]: Cloud-init v. 21.1-19-gbad84ad4-0ubuntu1~16.04.2 running 'modules:final' at Mon, 12 Jul 2021 13:34:59 +0000. Up 23.36 seconds.
[   23.746564] cloud-init[1535]: ci-info: no authorized SSH keys fingerprints found for user ubuntu.
[   23.755618] cloud-init[1535]: Cloud-init v. 21.1-19-gbad84ad4-0ubuntu1~16.04.2 finished at Mon, 12 Jul 2021 13:34:59 +0000. Datasource DataSourceNoCloud [seed=/dev/sdb][dsmode=net].  Up 23.71 seconds
